<?xml version="1.0" encoding="UTF-8" ?>
<testsuite tests="4" failures="0" name="org.fastframework.util.TimeUtilTest" time="0.68" errors="0" skipped="0">
  <properties>
    <property name="java.runtime.name" value="Java(TM) SE Runtime Environment"/>
    <property name="sun.boot.library.path" value="D:\eclipseDevTool\java8\jdk1.8.0_60\jre\bin"/>
    <property name="java.vm.version" value="25.60-b23"/>
    <property name="java.vm.vendor" value="Oracle Corporation"/>
    <property name="maven.multiModuleProjectDirectory" value="D:\temp\0830\fast-framework-master"/>
    <property name="java.vendor.url" value="http://java.oracle.com/"/>
    <property name="path.separator" value=";"/>
    <property name="guice.disable.misplaced.annotation.check" value="true"/>
    <property name="java.vm.name" value="Java HotSpot(TM) 64-Bit Server VM"/>
    <property name="file.encoding.pkg" value="sun.io"/>
    <property name="user.script" value=""/>
    <property name="user.country" value="CN"/>
    <property name="sun.java.launcher" value="SUN_STANDARD"/>
    <property name="sun.os.patch.level" value="Service Pack 1"/>
    <property name="java.vm.specification.name" value="Java Virtual Machine Specification"/>
    <property name="user.dir" value="D:\temp\0830\fast-framework-master"/>
    <property name="java.runtime.version" value="1.8.0_60-b27"/>
    <property name="java.awt.graphicsenv" value="sun.awt.Win32GraphicsEnvironment"/>
    <property name="java.endorsed.dirs" value="D:\eclipseDevTool\java8\jdk1.8.0_60\jre\lib\endorsed"/>
    <property name="os.arch" value="amd64"/>
    <property name="java.io.tmpdir" value="C:\Users\allen\AppData\Local\Temp\"/>
    <property name="line.separator" value="
"/>
    <property name="java.vm.specification.vendor" value="Oracle Corporation"/>
    <property name="user.variant" value=""/>
    <property name="os.name" value="Windows 7"/>
    <property name="classworlds.conf" value="D:\cjworkspace\.metadata\.plugins\org.eclipse.m2e.launching\launches\m2conf5231908828988575821.tmp"/>
    <property name="sun.jnu.encoding" value="GBK"/>
    <property name="java.library.path" value="D:\eclipseDevTool\java8\jdk1.8.0_60\bin;C:\Windows\Sun\Java\bin;C:\Windows\system32;C:\Windows;D:/eclipseDevTool/java8/jdk1.8.0_60/bin/../jre/bin/server;D:/eclipseDevTool/java8/jdk1.8.0_60/bin/../jre/bin;D:/eclipseDevTool/java8/jdk1.8.0_60/bin/../jre/lib/amd64;D:\soft_work\oracle\product\11.2.0\dbhome_1\bin;D:\eclipseDevTool\java8\jdk1.8.0_60\bin;D:\eclipseDevTool\apache-maven-3.3.3\bin;C:\Program Files (x86)\Intel\iCLS Client\;C:\Program Files\Intel\iCLS Client\;C:\Windows\system32;C:\Windows;C:\Windows\System32\Wbem;C:\Windows\System32\WindowsPowerShell\v1.0\;C:\Program Files\Intel\Intel(R) Management Engine Components\DAL;C:\Program Files (x86)\Intel\Intel(R) Management Engine Components\DAL;C:\Program Files\Intel\Intel(R) Management Engine Components\IPT;C:\Program Files (x86)\Intel\Intel(R) Management Engine Components\IPT;C:\Program Files (x86)\ATI Technologies\ATI.ACE\Core-Static;C:\Program Files (x86)\Common Files\Lenovo;C:\ProgramData\Lenovo\ReadyApps;C:\Program Files\TortoiseSVN\bin;D:\eclipseDevTool\java8\jre1.8.0_60\bin;C:\Program Files\Git\cmd;D:\Program Files\curl-7.33.0-win64-nossl;D:\soft_study\nexus-2.10.0-02-bundle\nexus-2.10.0-02\bin\jsw\windows-x86-64;d:\soft_study\mysql\bin;;D:\eclipseDevTool;;."/>
    <property name="java.specification.name" value="Java Platform API Specification"/>
    <property name="java.class.version" value="52.0"/>
    <property name="sun.management.compiler" value="HotSpot 64-Bit Tiered Compilers"/>
    <property name="os.version" value="6.1"/>
    <property name="user.home" value="C:\Users\allen"/>
    <property name="user.timezone" value="Asia/Shanghai"/>
    <property name="java.awt.printerjob" value="sun.awt.windows.WPrinterJob"/>
    <property name="java.specification.version" value="1.8"/>
    <property name="file.encoding" value="UTF-8"/>
    <property name="user.name" value="allen"/>
    <property name="java.class.path" value="/D:/eclipseDevTool/eclipse4.5/plugins/org.eclipse.m2e.maven.runtime_1.6.0.20150526-2031/jars/plexus-classworlds-2.5.2.jar"/>
    <property name="java.vm.specification.version" value="1.8"/>
    <property name="sun.arch.data.model" value="64"/>
    <property name="java.home" value="D:\eclipseDevTool\java8\jdk1.8.0_60\jre"/>
    <property name="sun.java.command" value="org.codehaus.plexus.classworlds.launcher.Launcher -B install"/>
    <property name="java.specification.vendor" value="Oracle Corporation"/>
    <property name="user.language" value="zh"/>
    <property name="awt.toolkit" value="sun.awt.windows.WToolkit"/>
    <property name="java.vm.info" value="mixed mode"/>
    <property name="java.version" value="1.8.0_60"/>
    <property name="java.ext.dirs" value="D:\eclipseDevTool\java8\jdk1.8.0_60\jre\lib\ext;C:\Windows\Sun\Java\lib\ext"/>
    <property name="sun.boot.class.path" value="D:\eclipseDevTool\java8\jdk1.8.0_60\jre\lib\resources.jar;D:\eclipseDevTool\java8\jdk1.8.0_60\jre\lib\rt.jar;D:\eclipseDevTool\java8\jdk1.8.0_60\jre\lib\sunrsasign.jar;D:\eclipseDevTool\java8\jdk1.8.0_60\jre\lib\jsse.jar;D:\eclipseDevTool\java8\jdk1.8.0_60\jre\lib\jce.jar;D:\eclipseDevTool\java8\jdk1.8.0_60\jre\lib\charsets.jar;D:\eclipseDevTool\java8\jdk1.8.0_60\jre\lib\jfr.jar;D:\eclipseDevTool\java8\jdk1.8.0_60\jre\classes"/>
    <property name="java.vendor" value="Oracle Corporation"/>
    <property name="maven.home" value="D:\temp\0830\fast-framework-master\EMBEDDED"/>
    <property name="file.separator" value="\"/>
    <property name="java.vendor.url.bug" value="http://bugreport.sun.com/bugreport/"/>
    <property name="sun.cpu.endian" value="little"/>
    <property name="sun.io.unicode.encoding" value="UnicodeLittle"/>
    <property name="sun.desktop" value="windows"/>
    <property name="sun.cpu.isalist" value="amd64"/>
  </properties>
  <testcase classname="org.fastframework.util.TimeUtilTest" name="testParseLocalDateTimeByUsingDefaultFormatter" time="0.641"/>
  <testcase classname="org.fastframework.util.TimeUtilTest" name="testParseLocalDateTimeByUsingTimeFormat" time="0.001"/>
  <testcase classname="org.fastframework.util.TimeUtilTest" name="testParseSpecificTimeStringByUsingDefaultPattern" time="0.038"/>
  <testcase classname="org.fastframework.util.TimeUtilTest" name="testParseSpecificTimeStringUsingTimeFormat" time="0"/>
</testsuite>